# JRE version: OpenJDK Runtime Environment Temurin-21.0.10+7 (21.0.10+7) (build 21.0.10+7-LTS)
# Java VM: OpenJDK 64-Bit Server VM Temurin-21.0.10+7 (21.0.10+7-LTS, mixed mode, sharing, tiered, compressed oops, compressed class ptrs, parallel gc, windows-amd64)
GC Precious Log:
 CardTable entry size: 512
 CPUs: 8 total, 8 available
 Memory: 7418M
 Large Page Support: Disabled
 NUMA Support: Disabled
 Compressed Oops: Enabled (32-bit)
 Alignments: Space 512K, Generation 512K, Heap 2M
 Heap Min Capacity: 100M
 Heap Initial Capacity: 100M
 Heap Max Capacity: 2G
 Pre-touch: Disabled
 Parallel Workers: 8
Heap:
 PSYoungGen      total 13312K, used 3879K [0x00000000d5580000, 0x00000000d6400000, 0x0000000100000000)
  eden space 12288K, 27% used [0x00000000d5580000,0x00000000d58c1c00,0x00000000d6180000)
  from space 1024K, 53% used [0x00000000d6280000,0x00000000d6308020,0x00000000d6380000)
  to   space 512K, 0% used [0x00000000d6380000,0x00000000d6380000,0x00000000d6400000)
 ParOldGen       total 72192K, used 46872K [0x0000000080000000, 0x0000000084680000, 0x00000000d5580000)
  object space 72192K, 64% used [0x0000000080000000,0x0000000082dc6000,0x0000000084680000)
 Metaspace       used 61474K, committed 62912K, reserved 1114112K
  class space    used 6519K, committed 7104K, reserved 1048576K
GC Heap History (20 events):
Event: 43.458 GC heap before
{Heap before GC invocations=59 (full 2):
 PSYoungGen      total 13312K, used 12659K [0x00000000d5580000, 0x00000000d6380000, 0x0000000100000000)
  eden space 12288K, 99% used [0x00000000d5580000,0x00000000d617cf88,0x00000000d6180000)
  from space 1024K, 37% used [0x00000000d6280000,0x00000000d62e0000,0x00000000d6380000)
  to   space 1024K, 0% used [0x00000000d6180000,0x00000000d6180000,0x00000000d6280000)
 ParOldGen       total 68608K, used 67674K [0x0000000080000000, 0x0000000084300000, 0x00000000d5580000)
  object space 68608K, 98% used [0x0000000080000000,0x0000000084216b78,0x0000000084300000)
 Metaspace       used 56258K, committed 57600K, reserved 1114112K
  class space    used 6030K, committed 6592K, reserved 1048576K
}
Event: 43.461 GC heap after
{Heap after GC invocations=59 (full 2):
 PSYoungGen      total 13312K, used 512K [0x00000000d5580000, 0x00000000d6380000, 0x0000000100000000)
  eden space 12288K, 0% used [0x00000000d5580000,0x00000000d5580000,0x00000000d6180000)
  from space 1024K, 50% used [0x00000000d6180000,0x00000000d6200000,0x00000000d6280000)
  to   space 1024K, 0% used [0x00000000d6280000,0x00000000d6280000,0x00000000d6380000)
 ParOldGen       total 69632K, used 68752K [0x0000000080000000, 0x0000000084400000, 0x00000000d5580000)
  object space 69632K, 98% used [0x0000000080000000,0x0000000084324088,0x0000000084400000)
 Metaspace       used 56258K, committed 57600K, reserved 1114112K
  class space    used 6030K, committed 6592K, reserved 1048576K
}
Event: 44.054 GC heap before
{Heap before GC invocations=60 (full 2):
 PSYoungGen      total 13312K, used 12755K [0x00000000d5580000, 0x00000000d6380000, 0x0000000100000000)
  eden space 12288K, 99% used [0x00000000d5580000,0x00000000d6174ea0,0x00000000d6180000)
  from space 1024K, 50% used [0x00000000d6180000,0x00000000d6200000,0x00000000d6280000)
  to   space 1024K, 0% used [0x00000000d6280000,0x00000000d6280000,0x00000000d6380000)
 ParOldGen       total 69632K, used 68752K [0x0000000080000000, 0x0000000084400000, 0x00000000d5580000)
  object space 69632K, 98% used [0x0000000080000000,0x0000000084324088,0x0000000084400000)
 Metaspace       used 56831K, committed 58176K, reserved 1114112K
  class space    used 6082K, committed 6656K, reserved 1048576K
}
Event: 44.056 GC heap after
{Heap after GC invocations=60 (full 2):
 PSYoungGen      total 12800K, used 352K [0x00000000d5580000, 0x00000000d6300000, 0x0000000100000000)
  eden space 12288K, 0% used [0x00000000d5580000,0x00000000d5580000,0x00000000d6180000)
  from space 512K, 68% used [0x00000000d6280000,0x00000000d62d8000,0x00000000d6300000)
  to   space 512K, 0% used [0x00000000d6200000,0x00000000d6200000,0x00000000d6280000)
 ParOldGen       total 69632K, used 69104K [0x0000000080000000, 0x0000000084400000, 0x00000000d5580000)
  object space 69632K, 99% used [0x0000000080000000,0x000000008437c088,0x0000000084400000)
 Metaspace       used 56831K, committed 58176K, reserved 1114112K
  class space    used 6082K, committed 6656K, reserved 1048576K
}
Event: 44.481 GC heap before
{Heap before GC invocations=61 (full 2):
 PSYoungGen      total 12800K, used 12640K [0x00000000d5580000, 0x00000000d6300000, 0x0000000100000000)
  eden space 12288K, 100% used [0x00000000d5580000,0x00000000d6180000,0x00000000d6180000)
  from space 512K, 68% used [0x00000000d6280000,0x00000000d62d8000,0x00000000d6300000)
  to   space 512K, 0% used [0x00000000d6200000,0x00000000d6200000,0x00000000d6280000)
 ParOldGen       total 69632K, used 69104K [0x0000000080000000, 0x0000000084400000, 0x00000000d5580000)
  object space 69632K, 99% used [0x0000000080000000,0x000000008437c088,0x0000000084400000)
 Metaspace       used 58038K, committed 59328K, reserved 1114112K
  class space    used 6159K, committed 6720K, reserved 1048576K
}
Event: 44.484 GC heap after
{Heap after GC invocations=61 (full 2):
 PSYoungGen      total 12800K, used 511K [0x00000000d5580000, 0x00000000d6580000, 0x0000000100000000)
  eden space 12288K, 0% used [0x00000000d5580000,0x00000000d5580000,0x00000000d6180000)
  from space 512K, 99% used [0x00000000d6200000,0x00000000d627fdd8,0x00000000d6280000)
  to   space 2048K, 0% used [0x00000000d6380000,0x00000000d6380000,0x00000000d6580000)
 ParOldGen       total 70144K, used 70098K [0x0000000080000000, 0x0000000084480000, 0x00000000d5580000)
  object space 70144K, 99% used [0x0000000080000000,0x0000000084474a68,0x0000000084480000)
 Metaspace       used 58038K, committed 59328K, reserved 1114112K
  class space    used 6159K, committed 6720K, reserved 1048576K
}
Event: 44.923 GC heap before
{Heap before GC invocations=62 (full 2):
 PSYoungGen      total 12800K, used 12799K [0x00000000d5580000, 0x00000000d6580000, 0x0000000100000000)
  eden space 12288K, 100% used [0x00000000d5580000,0x00000000d6180000,0x00000000d6180000)
  from space 512K, 99% used [0x00000000d6200000,0x00000000d627fdd8,0x00000000d6280000)
  to   space 2048K, 0% used [0x00000000d6380000,0x00000000d6380000,0x00000000d6580000)
 ParOldGen       total 70144K, used 70098K [0x0000000080000000, 0x0000000084480000, 0x00000000d5580000)
  object space 70144K, 99% used [0x0000000080000000,0x0000000084474a68,0x0000000084480000)
 Metaspace       used 58158K, committed 59520K, reserved 1114112K
  class space    used 6177K, committed 6784K, reserved 1048576K
}
Event: 44.927 GC heap after
{Heap after GC invocations=62 (full 2):
 PSYoungGen      total 14336K, used 1660K [0x00000000d5580000, 0x00000000d6580000, 0x0000000100000000)
  eden space 12288K, 0% used [0x00000000d5580000,0x00000000d5580000,0x00000000d6180000)
  from space 2048K, 81% used [0x00000000d6380000,0x00000000d651f1f0,0x00000000d6580000)
  to   space 2048K, 0% used [0x00000000d6180000,0x00000000d6180000,0x00000000d6380000)
 ParOldGen       total 70656K, used 70315K [0x0000000080000000, 0x0000000084500000, 0x00000000d5580000)
  object space 70656K, 99% used [0x0000000080000000,0x00000000844aaed8,0x0000000084500000)
 Metaspace       used 58158K, committed 59520K, reserved 1114112K
  class space    used 6177K, committed 6784K, reserved 1048576K
}
Event: 45.116 GC heap before
{Heap before GC invocations=63 (full 2):
 PSYoungGen      total 14336K, used 13859K [0x00000000d5580000, 0x00000000d6580000, 0x0000000100000000)
  eden space 12288K, 99% used [0x00000000d5580000,0x00000000d6169da0,0x00000000d6180000)
  from space 2048K, 81% used [0x00000000d6380000,0x00000000d651f1f0,0x00000000d6580000)
  to   space 2048K, 0% used [0x00000000d6180000,0x00000000d6180000,0x00000000d6380000)
 ParOldGen       total 70656K, used 70315K [0x0000000080000000, 0x0000000084500000, 0x00000000d5580000)
  object space 70656K, 99% used [0x0000000080000000,0x00000000844aaed8,0x0000000084500000)
 Metaspace       used 58272K, committed 59648K, reserved 1114112K
  class space    used 6194K, committed 6784K, reserved 1048576K
}
Event: 45.121 GC heap after
{Heap after GC invocations=63 (full 2):
 PSYoungGen      total 14336K, used 2039K [0x00000000d5580000, 0x00000000d6680000, 0x0000000100000000)
  eden space 12288K, 0% used [0x00000000d5580000,0x00000000d5580000,0x00000000d6180000)
  from space 2048K, 99% used [0x00000000d6180000,0x00000000d637dc10,0x00000000d6380000)
  to   space 2560K, 0% used [0x00000000d6400000,0x00000000d6400000,0x00000000d6680000)
 ParOldGen       total 71168K, used 70667K [0x0000000080000000, 0x0000000084580000, 0x00000000d5580000)
  object space 71168K, 99% used [0x0000000080000000,0x0000000084502ed8,0x0000000084580000)
 Metaspace       used 58272K, committed 59648K, reserved 1114112K
  class space    used 6194K, committed 6784K, reserved 1048576K
}
Event: 45.273 GC heap before
{Heap before GC invocations=64 (full 2):
 PSYoungGen      total 14336K, used 10164K [0x00000000d5580000, 0x00000000d6680000, 0x0000000100000000)
  eden space 12288K, 66% used [0x00000000d5580000,0x00000000d5d6f7d8,0x00000000d6180000)
  from space 2048K, 99% used [0x00000000d6180000,0x00000000d637dc10,0x00000000d6380000)
  to   space 2560K, 0% used [0x00000000d6400000,0x00000000d6400000,0x00000000d6680000)
 ParOldGen       total 71168K, used 70667K [0x0000000080000000, 0x0000000084580000, 0x00000000d5580000)
  object space 71168K, 99% used [0x0000000080000000,0x0000000084502ed8,0x0000000084580000)
 Metaspace       used 58452K, committed 59776K, reserved 1114112K
  class space    used 6214K, committed 6784K, reserved 1048576K
}
Event: 45.276 GC heap after
{Heap after GC invocations=64 (full 2):
 PSYoungGen      total 13312K, used 930K [0x00000000d5580000, 0x00000000d6500000, 0x0000000100000000)
  eden space 12288K, 0% used [0x00000000d5580000,0x00000000d5580000,0x00000000d6180000)
  from space 1024K, 90% used [0x00000000d6400000,0x00000000d64e88e8,0x00000000d6500000)
  to   space 1536K, 0% used [0x00000000d6200000,0x00000000d6200000,0x00000000d6380000)
 ParOldGen       total 72192K, used 71600K [0x0000000080000000, 0x0000000084680000, 0x00000000d5580000)
  object space 72192K, 99% used [0x0000000080000000,0x00000000845ec3e8,0x0000000084680000)
 Metaspace       used 58452K, committed 59776K, reserved 1114112K
  class space    used 6214K, committed 6784K, reserved 1048576K
}
Event: 45.277 GC heap before
{Heap before GC invocations=65 (full 3):
 PSYoungGen      total 13312K, used 930K [0x00000000d5580000, 0x00000000d6500000, 0x0000000100000000)
  eden space 12288K, 0% used [0x00000000d5580000,0x00000000d5580000,0x00000000d6180000)
  from space 1024K, 90% used [0x00000000d6400000,0x00000000d64e88e8,0x00000000d6500000)
  to   space 1536K, 0% used [0x00000000d6200000,0x00000000d6200000,0x00000000d6380000)
 ParOldGen       total 72192K, used 71600K [0x0000000080000000, 0x0000000084680000, 0x00000000d5580000)
  object space 72192K, 99% used [0x0000000080000000,0x00000000845ec3e8,0x0000000084680000)
 Metaspace       used 58452K, committed 59776K, reserved 1114112K
  class space    used 6214K, committed 6784K, reserved 1048576K
}
Event: 45.466 GC heap after
{Heap after GC invocations=65 (full 3):
 PSYoungGen      total 13312K, used 0K [0x00000000d5580000, 0x00000000d6500000, 0x0000000100000000)
  eden space 12288K, 0% used [0x00000000d5580000,0x00000000d5580000,0x00000000d6180000)
  from space 1024K, 0% used [0x00000000d6400000,0x00000000d6400000,0x00000000d6500000)
  to   space 1536K, 0% used [0x00000000d6200000,0x00000000d6200000,0x00000000d6380000)
 ParOldGen       total 72192K, used 45607K [0x0000000080000000, 0x0000000084680000, 0x00000000d5580000)
  object space 72192K, 63% used [0x0000000080000000,0x0000000082c89d98,0x0000000084680000)
 Metaspace       used 58445K, committed 59776K, reserved 1114112K
  class space    used 6212K, committed 6784K, reserved 1048576K
}
Event: 45.896 GC heap before
{Heap before GC invocations=66 (full 3):
 PSYoungGen      total 13312K, used 12277K [0x00000000d5580000, 0x00000000d6500000, 0x0000000100000000)
  eden space 12288K, 99% used [0x00000000d5580000,0x00000000d617d558,0x00000000d6180000)
  from space 1024K, 0% used [0x00000000d6400000,0x00000000d6400000,0x00000000d6500000)
  to   space 1536K, 0% used [0x00000000d6200000,0x00000000d6200000,0x00000000d6380000)
 ParOldGen       total 72192K, used 45607K [0x0000000080000000, 0x0000000084680000, 0x00000000d5580000)
  object space 72192K, 63% used [0x0000000080000000,0x0000000082c89d98,0x0000000084680000)
 Metaspace       used 59413K, committed 60800K, reserved 1114112K
  class space    used 6314K, committed 6912K, reserved 1048576K
}
Event: 45.898 GC heap after
{Heap after GC invocations=66 (full 3):
 PSYoungGen      total 13824K, used 1035K [0x00000000d5580000, 0x00000000d6480000, 0x0000000100000000)
  eden space 12288K, 0% used [0x00000000d5580000,0x00000000d5580000,0x00000000d6180000)
  from space 1536K, 67% used [0x00000000d6200000,0x00000000d6302ec0,0x00000000d6380000)
  to   space 1024K, 0% used [0x00000000d6380000,0x00000000d6380000,0x00000000d6480000)
 ParOldGen       total 72192K, used 45615K [0x0000000080000000, 0x0000000084680000, 0x00000000d5580000)
  object space 72192K, 63% used [0x0000000080000000,0x0000000082c8bd98,0x0000000084680000)
 Metaspace       used 59413K, committed 60800K, reserved 1114112K
  class space    used 6314K, committed 6912K, reserved 1048576K
}
Event: 48.858 GC heap before
{Heap before GC invocations=67 (full 3):
 PSYoungGen      total 13824K, used 13322K [0x00000000d5580000, 0x00000000d6480000, 0x0000000100000000)
  eden space 12288K, 99% used [0x00000000d5580000,0x00000000d617fc50,0x00000000d6180000)
  from space 1536K, 67% used [0x00000000d6200000,0x00000000d6302ec0,0x00000000d6380000)
  to   space 1024K, 0% used [0x00000000d6380000,0x00000000d6380000,0x00000000d6480000)
 ParOldGen       total 72192K, used 45615K [0x0000000080000000, 0x0000000084680000, 0x00000000d5580000)
  object space 72192K, 63% used [0x0000000080000000,0x0000000082c8bd98,0x0000000084680000)
 Metaspace       used 60789K, committed 62144K, reserved 1114112K
  class space    used 6462K, committed 7040K, reserved 1048576K
}
Event: 48.862 GC heap after
{Heap after GC invocations=67 (full 3):
 PSYoungGen      total 13312K, used 601K [0x00000000d5580000, 0x00000000d6480000, 0x0000000100000000)
  eden space 12288K, 0% used [0x00000000d5580000,0x00000000d5580000,0x00000000d6180000)
  from space 1024K, 58% used [0x00000000d6380000,0x00000000d6416660,0x00000000d6480000)
  to   space 1024K, 0% used [0x00000000d6280000,0x00000000d6280000,0x00000000d6380000)
 ParOldGen       total 72192K, used 46472K [0x0000000080000000, 0x0000000084680000, 0x00000000d5580000)
  object space 72192K, 64% used [0x0000000080000000,0x0000000082d62188,0x0000000084680000)
 Metaspace       used 60789K, committed 62144K, reserved 1114112K
  class space    used 6462K, committed 7040K, reserved 1048576K
}
Event: 50.019 GC heap before
{Heap before GC invocations=68 (full 3):
 PSYoungGen      total 13312K, used 12889K [0x00000000d5580000, 0x00000000d6480000, 0x0000000100000000)
  eden space 12288K, 100% used [0x00000000d5580000,0x00000000d6180000,0x00000000d6180000)
  from space 1024K, 58% used [0x00000000d6380000,0x00000000d6416660,0x00000000d6480000)
  to   space 1024K, 0% used [0x00000000d6280000,0x00000000d6280000,0x00000000d6380000)
 ParOldGen       total 72192K, used 46472K [0x0000000080000000, 0x0000000084680000, 0x00000000d5580000)
  object space 72192K, 64% used [0x0000000080000000,0x0000000082d62188,0x0000000084680000)
 Metaspace       used 61297K, committed 62720K, reserved 1114112K
  class space    used 6511K, committed 7104K, reserved 1048576K
}
Event: 50.020 GC heap after
{Heap after GC invocations=68 (full 3):
 PSYoungGen      total 13312K, used 544K [0x00000000d5580000, 0x00000000d6400000, 0x0000000100000000)
  eden space 12288K, 0% used [0x00000000d5580000,0x00000000d5580000,0x00000000d6180000)
  from space 1024K, 53% used [0x00000000d6280000,0x00000000d6308020,0x00000000d6380000)
  to   space 512K, 0% used [0x00000000d6380000,0x00000000d6380000,0x00000000d6400000)
 ParOldGen       total 72192K, used 46872K [0x0000000080000000, 0x0000000084680000, 0x00000000d5580000)
  object space 72192K, 64% used [0x0000000080000000,0x0000000082dc6000,0x0000000084680000)
 Metaspace       used 61297K, committed 62720K, reserved 1114112K
  class space    used 6511K, committed 7104K, reserved 1048576K
}

