# JRE version: OpenJDK Runtime Environment Temurin-21.0.10+7 (21.0.10+7) (build 21.0.10+7-LTS)
# Java VM: OpenJDK 64-Bit Server VM Temurin-21.0.10+7 (21.0.10+7-LTS, mixed mode, sharing, tiered, compressed oops, compressed class ptrs, parallel gc, windows-amd64)
GC Precious Log:
 CardTable entry size: 512
 CPUs: 8 total, 8 available
 Memory: 7418M
 Large Page Support: Disabled
 NUMA Support: Disabled
 Compressed Oops: Enabled (32-bit)
 Alignments: Space 512K, Generation 512K, Heap 2M
 Heap Min Capacity: 100M
 Heap Initial Capacity: 100M
 Heap Max Capacity: 2G
 Pre-touch: Disabled
 Parallel Workers: 8
Heap:
 PSYoungGen      total 17408K, used 1233K [0x00000000d5580000, 0x00000000d6b80000, 0x0000000100000000)
  eden space 16384K, 3% used [0x00000000d5580000,0x00000000d5611200,0x00000000d6580000)
  from space 1024K, 63% used [0x00000000d6a80000,0x00000000d6b23460,0x00000000d6b80000)
  to   space 2048K, 0% used [0x00000000d6780000,0x00000000d6780000,0x00000000d6980000)
 ParOldGen       total 68608K, used 36289K [0x0000000080000000, 0x0000000084300000, 0x00000000d5580000)
  object space 68608K, 52% used [0x0000000080000000,0x0000000082370750,0x0000000084300000)
 Metaspace       used 50757K, committed 51904K, reserved 1114112K
  class space    used 5552K, committed 6016K, reserved 1048576K
GC Heap History (20 events):
Event: 22.627 GC heap before
{Heap before GC invocations=20 (full 2):
 PSYoungGen      total 23040K, used 23026K [0x00000000d5580000, 0x00000000d7000000, 0x0000000100000000)
  eden space 22016K, 100% used [0x00000000d5580000,0x00000000d6b00000,0x00000000d6b00000)
  from space 1024K, 98% used [0x00000000d6e00000,0x00000000d6efc850,0x00000000d6f00000)
  to   space 1024K, 0% used [0x00000000d6f00000,0x00000000d6f00000,0x00000000d7000000)
 ParOldGen       total 68608K, used 17804K [0x0000000080000000, 0x0000000084300000, 0x00000000d5580000)
  object space 68608K, 25% used [0x0000000080000000,0x00000000811630f0,0x0000000084300000)
 Metaspace       used 39974K, committed 41152K, reserved 1114112K
  class space    used 4242K, committed 4736K, reserved 1048576K
}
Event: 22.631 GC heap after
{Heap after GC invocations=20 (full 2):
 PSYoungGen      total 22016K, used 1024K [0x00000000d5580000, 0x00000000d7500000, 0x0000000100000000)
  eden space 20992K, 0% used [0x00000000d5580000,0x00000000d5580000,0x00000000d6a00000)
  from space 1024K, 100% used [0x00000000d6f00000,0x00000000d7000000,0x00000000d7000000)
  to   space 5120K, 0% used [0x00000000d6a00000,0x00000000d6a00000,0x00000000d6f00000)
 ParOldGen       total 68608K, used 20931K [0x0000000080000000, 0x0000000084300000, 0x00000000d5580000)
  object space 68608K, 30% used [0x0000000080000000,0x0000000081470fd8,0x0000000084300000)
 Metaspace       used 39974K, committed 41152K, reserved 1114112K
  class space    used 4242K, committed 4736K, reserved 1048576K
}
Event: 23.507 GC heap before
{Heap before GC invocations=21 (full 2):
 PSYoungGen      total 22016K, used 22016K [0x00000000d5580000, 0x00000000d7500000, 0x0000000100000000)
  eden space 20992K, 100% used [0x00000000d5580000,0x00000000d6a00000,0x00000000d6a00000)
  from space 1024K, 100% used [0x00000000d6f00000,0x00000000d7000000,0x00000000d7000000)
  to   space 5120K, 0% used [0x00000000d6a00000,0x00000000d6a00000,0x00000000d6f00000)
 ParOldGen       total 68608K, used 20931K [0x0000000080000000, 0x0000000084300000, 0x00000000d5580000)
  object space 68608K, 30% used [0x0000000080000000,0x0000000081470fd8,0x0000000084300000)
 Metaspace       used 42889K, committed 43968K, reserved 1114112K
  class space    used 4578K, committed 4992K, reserved 1048576K
}
Event: 23.512 GC heap after
{Heap after GC invocations=21 (full 2):
 PSYoungGen      total 23040K, used 1808K [0x00000000d5580000, 0x00000000d7000000, 0x0000000100000000)
  eden space 20992K, 0% used [0x00000000d5580000,0x00000000d5580000,0x00000000d6a00000)
  from space 2048K, 88% used [0x00000000d6a00000,0x00000000d6bc4010,0x00000000d6c00000)
  to   space 3072K, 0% used [0x00000000d6d00000,0x00000000d6d00000,0x00000000d7000000)
 ParOldGen       total 68608K, used 21897K [0x0000000080000000, 0x0000000084300000, 0x00000000d5580000)
  object space 68608K, 31% used [0x0000000080000000,0x0000000081562508,0x0000000084300000)
 Metaspace       used 42889K, committed 43968K, reserved 1114112K
  class space    used 4578K, committed 4992K, reserved 1048576K
}
Event: 24.467 GC heap before
{Heap before GC invocations=22 (full 2):
 PSYoungGen      total 23040K, used 22800K [0x00000000d5580000, 0x00000000d7000000, 0x0000000100000000)
  eden space 20992K, 100% used [0x00000000d5580000,0x00000000d6a00000,0x00000000d6a00000)
  from space 2048K, 88% used [0x00000000d6a00000,0x00000000d6bc4010,0x00000000d6c00000)
  to   space 3072K, 0% used [0x00000000d6d00000,0x00000000d6d00000,0x00000000d7000000)
 ParOldGen       total 68608K, used 21897K [0x0000000080000000, 0x0000000084300000, 0x00000000d5580000)
  object space 68608K, 31% used [0x0000000080000000,0x0000000081562508,0x0000000084300000)
 Metaspace       used 45841K, committed 47040K, reserved 1114112K
  class space    used 5006K, committed 5504K, reserved 1048576K
}
Event: 24.471 GC heap after
{Heap after GC invocations=22 (full 2):
 PSYoungGen      total 22528K, used 1354K [0x00000000d5580000, 0x00000000d6e80000, 0x0000000100000000)
  eden space 20992K, 0% used [0x00000000d5580000,0x00000000d5580000,0x00000000d6a00000)
  from space 1536K, 88% used [0x00000000d6d00000,0x00000000d6e52b48,0x00000000d6e80000)
  to   space 2048K, 0% used [0x00000000d6a80000,0x00000000d6a80000,0x00000000d6c80000)
 ParOldGen       total 68608K, used 23545K [0x0000000080000000, 0x0000000084300000, 0x00000000d5580000)
  object space 68608K, 34% used [0x0000000080000000,0x00000000816fe538,0x0000000084300000)
 Metaspace       used 45841K, committed 47040K, reserved 1114112K
  class space    used 5006K, committed 5504K, reserved 1048576K
}
Event: 25.598 GC heap before
{Heap before GC invocations=23 (full 2):
 PSYoungGen      total 22528K, used 22345K [0x00000000d5580000, 0x00000000d6e80000, 0x0000000100000000)
  eden space 20992K, 99% used [0x00000000d5580000,0x00000000d69ffb58,0x00000000d6a00000)
  from space 1536K, 88% used [0x00000000d6d00000,0x00000000d6e52b48,0x00000000d6e80000)
  to   space 2048K, 0% used [0x00000000d6a80000,0x00000000d6a80000,0x00000000d6c80000)
 ParOldGen       total 68608K, used 23545K [0x0000000080000000, 0x0000000084300000, 0x00000000d5580000)
  object space 68608K, 34% used [0x0000000080000000,0x00000000816fe538,0x0000000084300000)
 Metaspace       used 48079K, committed 49216K, reserved 1114112K
  class space    used 5256K, committed 5760K, reserved 1048576K
}
Event: 25.603 GC heap after
{Heap after GC invocations=23 (full 2):
 PSYoungGen      total 22528K, used 1121K [0x00000000d5580000, 0x00000000d6d80000, 0x0000000100000000)
  eden space 20992K, 0% used [0x00000000d5580000,0x00000000d5580000,0x00000000d6a00000)
  from space 1536K, 72% used [0x00000000d6a80000,0x00000000d6b98488,0x00000000d6c00000)
  to   space 1536K, 0% used [0x00000000d6c00000,0x00000000d6c00000,0x00000000d6d80000)
 ParOldGen       total 68608K, used 24732K [0x0000000080000000, 0x0000000084300000, 0x00000000d5580000)
  object space 68608K, 36% used [0x0000000080000000,0x0000000081827090,0x0000000084300000)
 Metaspace       used 48079K, committed 49216K, reserved 1114112K
  class space    used 5256K, committed 5760K, reserved 1048576K
}
Event: 27.008 GC heap before
{Heap before GC invocations=24 (full 2):
 PSYoungGen      total 22528K, used 22113K [0x00000000d5580000, 0x00000000d6d80000, 0x0000000100000000)
  eden space 20992K, 100% used [0x00000000d5580000,0x00000000d6a00000,0x00000000d6a00000)
  from space 1536K, 72% used [0x00000000d6a80000,0x00000000d6b98488,0x00000000d6c00000)
  to   space 1536K, 0% used [0x00000000d6c00000,0x00000000d6c00000,0x00000000d6d80000)
 ParOldGen       total 68608K, used 24732K [0x0000000080000000, 0x0000000084300000, 0x00000000d5580000)
  object space 68608K, 36% used [0x0000000080000000,0x0000000081827090,0x0000000084300000)
 Metaspace       used 49669K, committed 50816K, reserved 1114112K
  class space    used 5443K, committed 5952K, reserved 1048576K
}
Event: 27.015 GC heap after
{Heap after GC invocations=24 (full 2):
 PSYoungGen      total 20480K, used 1532K [0x00000000d5580000, 0x00000000d7200000, 0x0000000100000000)
  eden space 18944K, 0% used [0x00000000d5580000,0x00000000d5580000,0x00000000d6800000)
  from space 1536K, 99% used [0x00000000d6c00000,0x00000000d6d7f0f0,0x00000000d6d80000)
  to   space 4096K, 0% used [0x00000000d6800000,0x00000000d6800000,0x00000000d6c00000)
 ParOldGen       total 68608K, used 26617K [0x0000000080000000, 0x0000000084300000, 0x00000000d5580000)
  object space 68608K, 38% used [0x0000000080000000,0x00000000819fe5c8,0x0000000084300000)
 Metaspace       used 49669K, committed 50816K, reserved 1114112K
  class space    used 5443K, committed 5952K, reserved 1048576K
}
Event: 27.751 GC heap before
{Heap before GC invocations=25 (full 2):
 PSYoungGen      total 20480K, used 20476K [0x00000000d5580000, 0x00000000d7200000, 0x0000000100000000)
  eden space 18944K, 99% used [0x00000000d5580000,0x00000000d67ffff0,0x00000000d6800000)
  from space 1536K, 99% used [0x00000000d6c00000,0x00000000d6d7f0f0,0x00000000d6d80000)
  to   space 4096K, 0% used [0x00000000d6800000,0x00000000d6800000,0x00000000d6c00000)
 ParOldGen       total 68608K, used 26617K [0x0000000080000000, 0x0000000084300000, 0x00000000d5580000)
  object space 68608K, 38% used [0x0000000080000000,0x00000000819fe5c8,0x0000000084300000)
 Metaspace       used 49839K, committed 50944K, reserved 1114112K
  class space    used 5459K, committed 5952K, reserved 1048576K
}
Event: 27.759 GC heap after
{Heap after GC invocations=25 (full 2):
 PSYoungGen      total 20480K, used 1088K [0x00000000d5580000, 0x00000000d6c80000, 0x0000000100000000)
  eden space 18944K, 0% used [0x00000000d5580000,0x00000000d5580000,0x00000000d6800000)
  from space 1536K, 70% used [0x00000000d6800000,0x00000000d6910000,0x00000000d6980000)
  to   space 2048K, 0% used [0x00000000d6a80000,0x00000000d6a80000,0x00000000d6c80000)
 ParOldGen       total 68608K, used 28149K [0x0000000080000000, 0x0000000084300000, 0x00000000d5580000)
  object space 68608K, 41% used [0x0000000080000000,0x0000000081b7d420,0x0000000084300000)
 Metaspace       used 49839K, committed 50944K, reserved 1114112K
  class space    used 5459K, committed 5952K, reserved 1048576K
}
Event: 27.954 GC heap before
{Heap before GC invocations=26 (full 2):
 PSYoungGen      total 20480K, used 20032K [0x00000000d5580000, 0x00000000d6c80000, 0x0000000100000000)
  eden space 18944K, 100% used [0x00000000d5580000,0x00000000d6800000,0x00000000d6800000)
  from space 1536K, 70% used [0x00000000d6800000,0x00000000d6910000,0x00000000d6980000)
  to   space 2048K, 0% used [0x00000000d6a80000,0x00000000d6a80000,0x00000000d6c80000)
 ParOldGen       total 68608K, used 28149K [0x0000000080000000, 0x0000000084300000, 0x00000000d5580000)
  object space 68608K, 41% used [0x0000000080000000,0x0000000081b7d420,0x0000000084300000)
 Metaspace       used 49867K, committed 50944K, reserved 1114112K
  class space    used 5459K, committed 5952K, reserved 1048576K
}
Event: 27.957 GC heap after
{Heap after GC invocations=26 (full 2):
 PSYoungGen      total 19456K, used 416K [0x00000000d5580000, 0x00000000d6b00000, 0x0000000100000000)
  eden space 18944K, 0% used [0x00000000d5580000,0x00000000d5580000,0x00000000d6800000)
  from space 512K, 81% used [0x00000000d6a80000,0x00000000d6ae8000,0x00000000d6b00000)
  to   space 1024K, 0% used [0x00000000d6900000,0x00000000d6900000,0x00000000d6a00000)
 ParOldGen       total 68608K, used 28408K [0x0000000080000000, 0x0000000084300000, 0x00000000d5580000)
  object space 68608K, 41% used [0x0000000080000000,0x0000000081bbe000,0x0000000084300000)
 Metaspace       used 49867K, committed 50944K, reserved 1114112K
  class space    used 5459K, committed 5952K, reserved 1048576K
}
Event: 28.058 GC heap before
{Heap before GC invocations=27 (full 2):
 PSYoungGen      total 19456K, used 19360K [0x00000000d5580000, 0x00000000d6b00000, 0x0000000100000000)
  eden space 18944K, 100% used [0x00000000d5580000,0x00000000d6800000,0x00000000d6800000)
  from space 512K, 81% used [0x00000000d6a80000,0x00000000d6ae8000,0x00000000d6b00000)
  to   space 1024K, 0% used [0x00000000d6900000,0x00000000d6900000,0x00000000d6a00000)
 ParOldGen       total 68608K, used 28408K [0x0000000080000000, 0x0000000084300000, 0x00000000d5580000)
  object space 68608K, 41% used [0x0000000080000000,0x0000000081bbe000,0x0000000084300000)
 Metaspace       used 49901K, committed 51008K, reserved 1114112K
  class space    used 5461K, committed 5952K, reserved 1048576K
}
Event: 28.061 GC heap after
{Heap after GC invocations=27 (full 2):
 PSYoungGen      total 19968K, used 1024K [0x00000000d5580000, 0x00000000d7100000, 0x0000000100000000)
  eden space 18944K, 0% used [0x00000000d5580000,0x00000000d5580000,0x00000000d6800000)
  from space 1024K, 100% used [0x00000000d6900000,0x00000000d6a00000,0x00000000d6a00000)
  to   space 4608K, 0% used [0x00000000d6c80000,0x00000000d6c80000,0x00000000d7100000)
 ParOldGen       total 68608K, used 31156K [0x0000000080000000, 0x0000000084300000, 0x00000000d5580000)
  object space 68608K, 45% used [0x0000000080000000,0x0000000081e6d210,0x0000000084300000)
 Metaspace       used 49901K, committed 51008K, reserved 1114112K
  class space    used 5461K, committed 5952K, reserved 1048576K
}
Event: 28.100 GC heap before
{Heap before GC invocations=28 (full 2):
 PSYoungGen      total 19968K, used 19968K [0x00000000d5580000, 0x00000000d7100000, 0x0000000100000000)
  eden space 18944K, 100% used [0x00000000d5580000,0x00000000d6800000,0x00000000d6800000)
  from space 1024K, 100% used [0x00000000d6900000,0x00000000d6a00000,0x00000000d6a00000)
  to   space 4608K, 0% used [0x00000000d6c80000,0x00000000d6c80000,0x00000000d7100000)
 ParOldGen       total 68608K, used 31156K [0x0000000080000000, 0x0000000084300000, 0x00000000d5580000)
  object space 68608K, 45% used [0x0000000080000000,0x0000000081e6d210,0x0000000084300000)
 Metaspace       used 49902K, committed 51008K, reserved 1114112K
  class space    used 5461K, committed 5952K, reserved 1048576K
}
Event: 28.104 GC heap after
{Heap after GC invocations=28 (full 2):
 PSYoungGen      total 20992K, used 4592K [0x00000000d5580000, 0x00000000d7600000, 0x0000000100000000)
  eden space 16384K, 0% used [0x00000000d5580000,0x00000000d5580000,0x00000000d6580000)
  from space 4608K, 99% used [0x00000000d6c80000,0x00000000d70fc018,0x00000000d7100000)
  to   space 7168K, 0% used [0x00000000d6580000,0x00000000d6580000,0x00000000d6c80000)
 ParOldGen       total 68608K, used 32728K [0x0000000080000000, 0x0000000084300000, 0x00000000d5580000)
  object space 68608K, 47% used [0x0000000080000000,0x0000000081ff63f0,0x0000000084300000)
 Metaspace       used 49902K, committed 51008K, reserved 1114112K
  class space    used 5461K, committed 5952K, reserved 1048576K
}
Event: 28.145 GC heap before
{Heap before GC invocations=29 (full 2):
 PSYoungGen      total 20992K, used 20976K [0x00000000d5580000, 0x00000000d7600000, 0x0000000100000000)
  eden space 16384K, 100% used [0x00000000d5580000,0x00000000d6580000,0x00000000d6580000)
  from space 4608K, 99% used [0x00000000d6c80000,0x00000000d70fc018,0x00000000d7100000)
  to   space 7168K, 0% used [0x00000000d6580000,0x00000000d6580000,0x00000000d6c80000)
 ParOldGen       total 68608K, used 32728K [0x0000000080000000, 0x0000000084300000, 0x00000000d5580000)
  object space 68608K, 47% used [0x0000000080000000,0x0000000081ff63f0,0x0000000084300000)
 Metaspace       used 49907K, committed 51008K, reserved 1114112K
  class space    used 5461K, committed 5952K, reserved 1048576K
}
Event: 28.149 GC heap after
{Heap after GC invocations=29 (full 2):
 PSYoungGen      total 20480K, used 4000K [0x00000000d5580000, 0x00000000d6f80000, 0x0000000100000000)
  eden space 16384K, 0% used [0x00000000d5580000,0x00000000d5580000,0x00000000d6580000)
  from space 4096K, 97% used [0x00000000d6580000,0x00000000d6968000,0x00000000d6980000)
  to   space 5120K, 0% used [0x00000000d6a80000,0x00000000d6a80000,0x00000000d6f80000)
 ParOldGen       total 68608K, used 35921K [0x0000000080000000, 0x0000000084300000, 0x00000000d5580000)
  object space 68608K, 52% used [0x0000000080000000,0x0000000082314750,0x0000000084300000)
 Metaspace       used 49907K, committed 51008K, reserved 1114112K
  class space    used 5461K, committed 5952K, reserved 1048576K
}

